0 info it worked if it ends with ok
1 verbose cli [ '/home/action/.nvm/v0.10.11/bin/node',
1 verbose cli   '/home/action/.nvm/v0.10.11/bin/npm',
1 verbose cli   'install' ]
2 info using npm@1.2.30
3 info using node@v0.10.11
4 verbose node symlink /home/action/.nvm/v0.10.11/bin/node
5 verbose read json /home/action/workspace/cdajs/examples/expressjs-app-sample/package.json
6 warn package.json application-name@0.0.1 No repository field.
7 warn package.json application-name@0.0.1 No readme data.
8 verbose readDependencies using package.json deps
9 verbose install where, deps [ '/home/action/workspace/cdajs/examples/expressjs-app-sample',
9 verbose install   [ 'express', 'cda.js', 'jade', 'stylus' ] ]
10 verbose from cache /home/action/workspace/cdajs/examples/expressjs-app-sample/package.json
11 info preinstall application-name@0.0.1
12 verbose read json /home/action/workspace/cdajs/examples/expressjs-app-sample/node_modules/express/package.json
13 verbose read json /home/action/workspace/cdajs/examples/expressjs-app-sample/node_modules/jade/package.json
14 verbose read json /home/action/workspace/cdajs/examples/expressjs-app-sample/node_modules/stylus/package.json
15 verbose from cache /home/action/workspace/cdajs/examples/expressjs-app-sample/package.json
16 verbose readDependencies using package.json deps
17 verbose from cache /home/action/workspace/cdajs/examples/expressjs-app-sample/node_modules/express/package.json
18 verbose from cache /home/action/workspace/cdajs/examples/expressjs-app-sample/node_modules/jade/package.json
19 verbose from cache /home/action/workspace/cdajs/examples/expressjs-app-sample/node_modules/stylus/package.json
20 verbose already installed skipping jade@* /home/action/workspace/cdajs/examples/expressjs-app-sample
21 verbose already installed skipping express@3.3.4 /home/action/workspace/cdajs/examples/expressjs-app-sample
22 verbose cache add [ 'cda.js@>=0.0.1', null ]
23 verbose cache add name=undefined spec="cda.js@>=0.0.1" args=["cda.js@>=0.0.1",null]
24 verbose parsed url { protocol: null,
24 verbose parsed url   slashes: null,
24 verbose parsed url   auth: null,
24 verbose parsed url   host: null,
24 verbose parsed url   port: null,
24 verbose parsed url   hostname: null,
24 verbose parsed url   hash: null,
24 verbose parsed url   search: null,
24 verbose parsed url   query: null,
24 verbose parsed url   pathname: 'cda.js@%3E=0.0.1',
24 verbose parsed url   path: 'cda.js@%3E=0.0.1',
24 verbose parsed url   href: 'cda.js@%3E=0.0.1' }
25 verbose cache add name="cda.js" spec=">=0.0.1" args=["cda.js",">=0.0.1"]
26 verbose parsed url { protocol: null,
26 verbose parsed url   slashes: null,
26 verbose parsed url   auth: null,
26 verbose parsed url   host: null,
26 verbose parsed url   port: null,
26 verbose parsed url   hostname: null,
26 verbose parsed url   hash: null,
26 verbose parsed url   search: null,
26 verbose parsed url   query: null,
26 verbose parsed url   pathname: '%3E=0.0.1',
26 verbose parsed url   path: '%3E=0.0.1',
26 verbose parsed url   href: '%3E=0.0.1' }
27 verbose addNamed [ 'cda.js', '>=0.0.1' ]
28 verbose addNamed [ null, '>=0.0.1' ]
29 verbose already installed skipping stylus@* /home/action/workspace/cdajs/examples/expressjs-app-sample
30 silly lockFile 99ce2f14-cda-js-0-0-1 cda.js@>=0.0.1
31 verbose lock cda.js@>=0.0.1 /home/action/.npm/99ce2f14-cda-js-0-0-1.lock
32 silly addNameRange { name: 'cda.js', range: '>=0.0.1', hasData: false }
33 verbose url raw cda.js
34 verbose url resolving [ 'https://registry.npmjs.org/', './cda.js' ]
35 verbose url resolved https://registry.npmjs.org/cda.js
36 info trying registry request attempt 1 at 16:50:42
37 http GET https://registry.npmjs.org/cda.js
38 http 404 https://registry.npmjs.org/cda.js
39 silly registry.get cb [ 404,
39 silly registry.get   { server: 'CouchDB/1.3.1 (Erlang OTP/R15B03)',
39 silly registry.get     date: 'Wed, 25 Sep 2013 16:50:43 GMT',
39 silly registry.get     'content-type': 'application/json',
39 silly registry.get     'content-length': '52',
39 silly registry.get     'cache-control': 'must-revalidate' } ]
40 silly lockFile 99ce2f14-cda-js-0-0-1 cda.js@>=0.0.1
41 silly lockFile 99ce2f14-cda-js-0-0-1 cda.js@>=0.0.1
42 error 404 'cda.js' is not in the npm registry.
42 error 404 You should bug the author to publish it
42 error 404
42 error 404 Maybe try 'npm search cda'
42 error 404
42 error 404 Note that you can also install from a
42 error 404 tarball, folder, or http url, or git url.
43 error System Linux 3.2.0-35-virtual
44 error command "/home/action/.nvm/v0.10.11/bin/node" "/home/action/.nvm/v0.10.11/bin/npm" "install"
45 error cwd /home/action/workspace/cdajs/examples/expressjs-app-sample
46 error node -v v0.10.11
47 error npm -v 1.2.30
48 error code E404
49 verbose exit [ 1, true ]
